<?xml version="1.0" encoding="UTF-8"?>
<robot generator="Robot 3.0.4 (Python 3.7.0 on win32)" generated="20181204 16:03:15.182">
<suite id="s1" name="Tests" source="D:\projects\eVignette\automated_tests\tests">
<suite id="s1-s1" name="Registered Customer Options" source="D:\projects\eVignette\automated_tests\tests\Registered_Customer_Options.robot">
<test id="s1-s1-t1" name="A registered customer is able to add and remove &quot;Trailer / Caravan&quot; vehicle">
<kw name="Begin test" library="CommonMethods" type="setup">
<kw name="Open Browser" library="SeleniumLibrary">
<doc>Opens a new browser instance to the given ``url``.</doc>
<arguments>
<arg>about:blank</arg>
<arg>${BROWSER}</arg>
</arguments>
<msg timestamp="20181204 16:03:15.347" level="INFO">Opening browser 'ff' to base url 'about:blank'.</msg>
<status status="PASS" starttime="20181204 16:03:15.347" endtime="20181204 16:03:20.104"></status>
</kw>
<kw name="Maximize Browser Window" library="SeleniumLibrary">
<doc>Maximizes current browser window.</doc>
<status status="PASS" starttime="20181204 16:03:20.105" endtime="20181204 16:03:20.110"></status>
</kw>
<status status="PASS" starttime="20181204 16:03:15.346" endtime="20181204 16:03:20.110"></status>
</kw>
<kw name="Login an existing user to their profile" library="CommonMethods">
<kw name="Navigate to the home page" library="VignetteApp">
<kw name="Navigate to" library="LandingPage">
<kw name="Go To" library="SeleniumLibrary">
<doc>Navigates the active browser instance to the provided ``url``.</doc>
<arguments>
<arg>${INITIAL_URL}</arg>
</arguments>
<msg timestamp="20181204 16:03:20.122" level="INFO">Opening url 'http://vinetki.melontech.com/'</msg>
<status status="PASS" starttime="20181204 16:03:20.122" endtime="20181204 16:03:21.239"></status>
</kw>
<status status="PASS" starttime="20181204 16:03:20.122" endtime="20181204 16:03:21.239"></status>
</kw>
<status status="PASS" starttime="20181204 16:03:20.121" endtime="20181204 16:03:21.239"></status>
</kw>
<kw name="Navigate to the &quot;Log in&quot; page" library="VignetteApp">
<kw name="Click the &quot;Log in&quot; button" library="LandingPage">
<kw name="Click Link" library="SeleniumLibrary">
<doc>Clicks a link identified by ``locator``.</doc>
<arguments>
<arg>${LANDING_LOGIN_BUTTON}</arg>
</arguments>
<msg timestamp="20181204 16:03:21.240" level="INFO">Clicking link 'xpath=//a[contains(text(),'Вход')]'.</msg>
<status status="PASS" starttime="20181204 16:03:21.239" endtime="20181204 16:03:21.437"></status>
</kw>
<status status="PASS" starttime="20181204 16:03:21.239" endtime="20181204 16:03:21.437"></status>
</kw>
<status status="PASS" starttime="20181204 16:03:21.239" endtime="20181204 16:03:21.437"></status>
</kw>
<kw name="Populate the &quot;Email Address&quot; field" library="VignetteApp">
<kw name="Focus a text field and populate it" library="CommonMethods">
<arguments>
<arg>${LOGIN_EMAIL_FIELD}</arg>
<arg>${CUSTOMER_EMAIL_ADDRESS}</arg>
</arguments>
<kw name="Wait Until Page Contains Element" library="SeleniumLibrary">
<doc>Waits until element ``locator`` appears on current page.</doc>
<arguments>
<arg>${text_field_to_be_focused}</arg>
</arguments>
<status status="PASS" starttime="20181204 16:03:21.438" endtime="20181204 16:03:21.460"></status>
</kw>
<kw name="Input Text" library="SeleniumLibrary">
<doc>Types the given ``text`` into text field identified by ``locator``.</doc>
<arguments>
<arg>${text_field_to_be_focused}</arg>
<arg>${value_to_be_entered_into_the_text_field}</arg>
</arguments>
<msg timestamp="20181204 16:03:21.460" level="INFO">Typing text 'ggjeroski@melontech.com' into text field 'xpath=//input[@id='Email']'.</msg>
<status status="PASS" starttime="20181204 16:03:21.460" endtime="20181204 16:03:21.555"></status>
</kw>
<status status="PASS" starttime="20181204 16:03:21.438" endtime="20181204 16:03:21.555"></status>
</kw>
<status status="PASS" starttime="20181204 16:03:21.438" endtime="20181204 16:03:21.555"></status>
</kw>
<kw name="Populate the &quot;Password&quot; field" library="VignetteApp">
<kw name="Focus a text field and populate it" library="CommonMethods">
<arguments>
<arg>${LOGIN_PASSWORD_FIELD}</arg>
<arg>${CUSTOMER_PASSWORD}</arg>
</arguments>
<kw name="Wait Until Page Contains Element" library="SeleniumLibrary">
<doc>Waits until element ``locator`` appears on current page.</doc>
<arguments>
<arg>${text_field_to_be_focused}</arg>
</arguments>
<status status="PASS" starttime="20181204 16:03:21.556" endtime="20181204 16:03:21.561"></status>
</kw>
<kw name="Input Text" library="SeleniumLibrary">
<doc>Types the given ``text`` into text field identified by ``locator``.</doc>
<arguments>
<arg>${text_field_to_be_focused}</arg>
<arg>${value_to_be_entered_into_the_text_field}</arg>
</arguments>
<msg timestamp="20181204 16:03:21.562" level="INFO">Typing text 'test123' into text field 'xpath=//input[@id='Password']'.</msg>
<status status="PASS" starttime="20181204 16:03:21.561" endtime="20181204 16:03:21.594"></status>
</kw>
<status status="PASS" starttime="20181204 16:03:21.556" endtime="20181204 16:03:21.594"></status>
</kw>
<status status="PASS" starttime="20181204 16:03:21.555" endtime="20181204 16:03:21.595"></status>
</kw>
<kw name="Click the &quot;Log in&quot; button" library="VignetteApp">
<kw name="Find and click the &quot;Log in&quot; button" library="LoginPage">
<kw name="Click Button" library="SeleniumLibrary">
<doc>Clicks button identified by ``locator``.</doc>
<arguments>
<arg>Вход</arg>
</arguments>
<msg timestamp="20181204 16:03:21.595" level="INFO">Clicking button 'Вход'.</msg>
<status status="PASS" starttime="20181204 16:03:21.595" endtime="20181204 16:03:21.942"></status>
</kw>
<status status="PASS" starttime="20181204 16:03:21.595" endtime="20181204 16:03:21.943"></status>
</kw>
<status status="PASS" starttime="20181204 16:03:21.595" endtime="20181204 16:03:21.943"></status>
</kw>
<kw name="Verify that the user is redirected to their profile" library="VignetteApp">
<kw name="Verify that an element is present on the page" library="CommonMethods">
<arguments>
<arg>${CUSTOMER_PROFILE}</arg>
<arg>${SHOPPING_CART}</arg>
</arguments>
<kw name="${element_to_be_verified} IN [ @{list_of_elements_to_be_verified} ]" type="for">
<kw name="${element_to_be_verified} = xpath=//*[@id=&quot;profile-dropdown-invoker-2&quot;]" type="foritem">
<kw name="Wait Until Page Contains Element" library="SeleniumLibrary">
<doc>Waits until element ``locator`` appears on current page.</doc>
<arguments>
<arg>${element_to_be_verified}</arg>
</arguments>
<status status="PASS" starttime="20181204 16:03:21.944" endtime="20181204 16:03:21.962"></status>
</kw>
<status status="PASS" starttime="20181204 16:03:21.943" endtime="20181204 16:03:21.962"></status>
</kw>
<kw name="${element_to_be_verified} = id=shopping-cart" type="foritem">
<kw name="Wait Until Page Contains Element" library="SeleniumLibrary">
<doc>Waits until element ``locator`` appears on current page.</doc>
<arguments>
<arg>${element_to_be_verified}</arg>
</arguments>
<status status="PASS" starttime="20181204 16:03:21.962" endtime="20181204 16:03:21.974"></status>
</kw>
<status status="PASS" starttime="20181204 16:03:21.962" endtime="20181204 16:03:21.974"></status>
</kw>
<status status="PASS" starttime="20181204 16:03:21.943" endtime="20181204 16:03:21.975"></status>
</kw>
<status status="PASS" starttime="20181204 16:03:21.943" endtime="20181204 16:03:21.975"></status>
</kw>
<status status="PASS" starttime="20181204 16:03:21.943" endtime="20181204 16:03:21.975"></status>
</kw>
<status status="PASS" starttime="20181204 16:03:20.121" endtime="20181204 16:03:21.975"></status>
</kw>
<kw name="Click the &quot;My Vehicles&quot; tab" library="VignetteApp">
<kw name="Find and click an element" library="CommonMethods">
<arguments>
<arg>${CUSTOMER_MY_VEHICLES_TAB}</arg>
</arguments>
<kw name="Wait Until Page Contains Element" library="SeleniumLibrary">
<doc>Waits until element ``locator`` appears on current page.</doc>
<arguments>
<arg>${element_to_be_found_and_clicked}</arg>
</arguments>
<status status="PASS" starttime="20181204 16:03:21.976" endtime="20181204 16:03:21.980"></status>
</kw>
<kw name="Click Element" library="SeleniumLibrary">
<doc>Click element identified by ``locator``.</doc>
<arguments>
<arg>${element_to_be_found_and_clicked}</arg>
</arguments>
<msg timestamp="20181204 16:03:21.980" level="INFO">Clicking element 'xpath=//ul[@class='nav u-nav-v1-1 g-mb-20']//a[contains(@class,'nav-link')][contains(text(),'Моите превозни средства')]'.</msg>
<status status="PASS" starttime="20181204 16:03:21.980" endtime="20181204 16:03:22.201"></status>
</kw>
<status status="PASS" starttime="20181204 16:03:21.976" endtime="20181204 16:03:22.201"></status>
</kw>
<status status="PASS" starttime="20181204 16:03:21.975" endtime="20181204 16:03:22.202"></status>
</kw>
<kw name="Click the &quot;Add Vehicle&quot; button" library="VignetteApp">
<kw name="Find and click an element" library="CommonMethods">
<arguments>
<arg>${CUSTOMER_ADD_VEHICLE_BUTTON}</arg>
</arguments>
<kw name="Wait Until Page Contains Element" library="SeleniumLibrary">
<doc>Waits until element ``locator`` appears on current page.</doc>
<arguments>
<arg>${element_to_be_found_and_clicked}</arg>
</arguments>
<status status="PASS" starttime="20181204 16:03:22.215" endtime="20181204 16:03:22.227"></status>
</kw>
<kw name="Click Element" library="SeleniumLibrary">
<doc>Click element identified by ``locator``.</doc>
<arguments>
<arg>${element_to_be_found_and_clicked}</arg>
</arguments>
<msg timestamp="20181204 16:03:22.227" level="INFO">Clicking element 'xpath=//a[contains(text(),'Добави превозно средство')]'.</msg>
<status status="PASS" starttime="20181204 16:03:22.227" endtime="20181204 16:03:22.585"></status>
</kw>
<status status="PASS" starttime="20181204 16:03:22.214" endtime="20181204 16:03:22.585"></status>
</kw>
<status status="PASS" starttime="20181204 16:03:22.214" endtime="20181204 16:03:22.586"></status>
</kw>
<kw name="Set the &quot;Friendly Name&quot; value" library="VignetteApp">
<kw name="Focus a text field and populate it" library="CommonMethods">
<arguments>
<arg>${CUSTOMER_FRIENDLY_NAME_TEXT_FIELD}</arg>
<arg>${CUSTOMER_VEHICLE_FRIENDLY_NAME}</arg>
</arguments>
<kw name="Wait Until Page Contains Element" library="SeleniumLibrary">
<doc>Waits until element ``locator`` appears on current page.</doc>
<arguments>
<arg>${text_field_to_be_focused}</arg>
</arguments>
<status status="PASS" starttime="20181204 16:03:22.588" endtime="20181204 16:03:22.609"></status>
</kw>
<kw name="Input Text" library="SeleniumLibrary">
<doc>Types the given ``text`` into text field identified by ``locator``.</doc>
<arguments>
<arg>${text_field_to_be_focused}</arg>
<arg>${value_to_be_entered_into_the_text_field}</arg>
</arguments>
<msg timestamp="20181204 16:03:22.609" level="INFO">Typing text 'Car Friendly Name' into text field 'xpath=//input[@id='Name']'.</msg>
<status status="PASS" starttime="20181204 16:03:22.609" endtime="20181204 16:03:22.709"></status>
</kw>
<status status="PASS" starttime="20181204 16:03:22.587" endtime="20181204 16:03:22.709"></status>
</kw>
<status status="PASS" starttime="20181204 16:03:22.587" endtime="20181204 16:03:22.709"></status>
</kw>
<kw name="Select the &quot;Trailer / Caravan&quot; vehicle type" library="VignetteApp">
<kw name="Locate a drop-down menu and select an option" library="CommonMethods">
<arguments>
<arg>${CUSTOMER_TYPE_DROPDOWN_MENU}</arg>
<arg>${CUSTOMER_TYPE_TRAILER_CARAVAN_SELECTION}</arg>
</arguments>
<kw name="Wait Until Page Contains Element" library="SeleniumLibrary">
<doc>Waits until element ``locator`` appears on current page.</doc>
<arguments>
<arg>${drop_down_menu_to_be_found}</arg>
</arguments>
<status status="PASS" starttime="20181204 16:03:22.716" endtime="20181204 16:03:22.721"></status>
</kw>
<kw name="Click Element" library="SeleniumLibrary">
<doc>Click element identified by ``locator``.</doc>
<arguments>
<arg>${drop_down_menu_to_be_found}</arg>
</arguments>
<msg timestamp="20181204 16:03:22.722" level="INFO">Clicking element 'xpath=//select[@id='TypeID']'.</msg>
<status status="PASS" starttime="20181204 16:03:22.721" endtime="20181204 16:03:22.950"></status>
</kw>
<kw name="Click Element" library="SeleniumLibrary">
<doc>Click element identified by ``locator``.</doc>
<arguments>
<arg>${option_from_the_menu_to_be_selected}</arg>
</arguments>
<msg timestamp="20181204 16:03:22.951" level="INFO">Clicking element 'xpath=//select[@id='TypeID']/option[3]'.</msg>
<status status="PASS" starttime="20181204 16:03:22.950" endtime="20181204 16:03:23.171"></status>
</kw>
<status status="PASS" starttime="20181204 16:03:22.716" endtime="20181204 16:03:23.171"></status>
</kw>
<status status="PASS" starttime="20181204 16:03:22.715" endtime="20181204 16:03:23.171"></status>
</kw>
<kw name="Populate the &quot;Plate Number&quot; field" library="VignetteApp">
<kw name="Focus and populate the &quot;Plate Number&quot; field with the plate string" library="BuyVignettePage">
<kw name="Generate a plate number" library="CustomerProfile">
<assign>
<var>${randomly_generated_plate}</var>
</assign>
<kw name="Generate Random String" library="String">
<doc>Generates a string with a desired ``length`` from the given ``chars``.</doc>
<arguments>
<arg>9</arg>
<arg>[NUMBERS][UPPER]</arg>
</arguments>
<assign>
<var>${random_plate_number}</var>
</assign>
<msg timestamp="20181204 16:03:23.172" level="INFO">${random_plate_number} = 91ZO35M5Z</msg>
<status status="PASS" starttime="20181204 16:03:23.172" endtime="20181204 16:03:23.172"></status>
</kw>
<msg timestamp="20181204 16:03:23.172" level="INFO">${randomly_generated_plate} = 91ZO35M5Z</msg>
<status status="PASS" starttime="20181204 16:03:23.172" endtime="20181204 16:03:23.172"></status>
</kw>
<kw name="Wait Until Page Contains Element" library="SeleniumLibrary">
<doc>Waits until element ``locator`` appears on current page.</doc>
<arguments>
<arg>${BUY_VIGNETTE_PLATE_NUMBER_FIELD}</arg>
</arguments>
<status status="PASS" starttime="20181204 16:03:23.172" endtime="20181204 16:03:23.175"></status>
</kw>
<kw name="Click Element" library="SeleniumLibrary">
<doc>Click element identified by ``locator``.</doc>
<arguments>
<arg>${BUY_VIGNETTE_PLATE_NUMBER_FIELD}</arg>
</arguments>
<msg timestamp="20181204 16:03:23.175" level="INFO">Clicking element 'xpath=//input[@id='PlateNumber']'.</msg>
<status status="PASS" starttime="20181204 16:03:23.175" endtime="20181204 16:03:23.396"></status>
</kw>
<kw name="Input Text" library="SeleniumLibrary">
<doc>Types the given ``text`` into text field identified by ``locator``.</doc>
<arguments>
<arg>${BUY_VIGNETTE_PLATE_NUMBER_FIELD}</arg>
<arg>${randomly_generated_plate}</arg>
</arguments>
<msg timestamp="20181204 16:03:23.396" level="INFO">Typing text '91ZO35M5Z' into text field 'xpath=//input[@id='PlateNumber']'.</msg>
<status status="PASS" starttime="20181204 16:03:23.396" endtime="20181204 16:03:23.425"></status>
</kw>
<status status="PASS" starttime="20181204 16:03:23.171" endtime="20181204 16:03:23.426"></status>
</kw>
<status status="PASS" starttime="20181204 16:03:23.171" endtime="20181204 16:03:23.426"></status>
</kw>
<kw name="Click the &quot;Save&quot; button" library="VignetteApp">
<kw name="Find and click an element" library="CommonMethods">
<arguments>
<arg>${CUSTOMER_SAVE_BUTTON}</arg>
</arguments>
<kw name="Wait Until Page Contains Element" library="SeleniumLibrary">
<doc>Waits until element ``locator`` appears on current page.</doc>
<arguments>
<arg>${element_to_be_found_and_clicked}</arg>
</arguments>
<status status="PASS" starttime="20181204 16:03:23.427" endtime="20181204 16:03:23.430"></status>
</kw>
<kw name="Click Element" library="SeleniumLibrary">
<doc>Click element identified by ``locator``.</doc>
<arguments>
<arg>${element_to_be_found_and_clicked}</arg>
</arguments>
<msg timestamp="20181204 16:03:23.430" level="INFO">Clicking element 'xpath=//button[@type='submit']'.</msg>
<status status="PASS" starttime="20181204 16:03:23.430" endtime="20181204 16:03:23.715"></status>
</kw>
<status status="PASS" starttime="20181204 16:03:23.426" endtime="20181204 16:03:23.715"></status>
</kw>
<status status="PASS" starttime="20181204 16:03:23.426" endtime="20181204 16:03:23.715"></status>
</kw>
<kw name="Sleep" library="BuiltIn">
<doc>Pauses the test executed for the given time.</doc>
<arguments>
<arg>3s</arg>
</arguments>
<msg timestamp="20181204 16:03:26.715" level="INFO">Slept 3 seconds</msg>
<status status="PASS" starttime="20181204 16:03:23.715" endtime="20181204 16:03:26.715"></status>
</kw>
<kw name="Verify the newly added vehicle" library="VignetteApp">
<kw name="Locate a notification message and verify its content" library="CommonMethods">
<arguments>
<arg>${CUSTOMER_VEHICLE_ADDED_NOTIFICATION_SELECTOR}</arg>
<arg>${CUSTOMER_VEHICLE_ADDED_NOTIFICATION_CONTENT}</arg>
</arguments>
<kw name="Verify that an element is present on the page" library="CommonMethods">
<arguments>
<arg>${notification_selector}</arg>
</arguments>
<kw name="${element_to_be_verified} IN [ @{list_of_elements_to_be_verified} ]" type="for">
<kw name="${element_to_be_verified} = xpath=//div[@class='media']" type="foritem">
<kw name="Wait Until Page Contains Element" library="SeleniumLibrary">
<doc>Waits until element ``locator`` appears on current page.</doc>
<arguments>
<arg>${element_to_be_verified}</arg>
</arguments>
<status status="PASS" starttime="20181204 16:03:26.717" endtime="20181204 16:03:26.720"></status>
</kw>
<status status="PASS" starttime="20181204 16:03:26.717" endtime="20181204 16:03:26.720"></status>
</kw>
<status status="PASS" starttime="20181204 16:03:26.717" endtime="20181204 16:03:26.720"></status>
</kw>
<status status="PASS" starttime="20181204 16:03:26.716" endtime="20181204 16:03:26.720"></status>
</kw>
<kw name="Get Text" library="SeleniumLibrary">
<doc>Returns the text value of element identified by ``locator``.</doc>
<arguments>
<arg>${notification_selector}</arg>
</arguments>
<assign>
<var>${notification_content}</var>
</assign>
<msg timestamp="20181204 16:03:26.732" level="INFO">${notification_content} = Превозното средство беше успешно запазено.</msg>
<status status="PASS" starttime="20181204 16:03:26.720" endtime="20181204 16:03:26.732"></status>
</kw>
<kw name="Should Be Equal As Strings" library="BuiltIn">
<doc>Fails if objects are unequal after converting them to strings.</doc>
<arguments>
<arg>${notification_content}</arg>
<arg>${notification_content_to_be_verified}</arg>
</arguments>
<status status="PASS" starttime="20181204 16:03:26.732" endtime="20181204 16:03:26.732"></status>
</kw>
<status status="PASS" starttime="20181204 16:03:26.716" endtime="20181204 16:03:26.732"></status>
</kw>
<status status="PASS" starttime="20181204 16:03:26.716" endtime="20181204 16:03:26.732"></status>
</kw>
<kw name="Remove a vehicle from the table of vehicles" library="CommonMethods">
<kw name="Select the check-box of the first vehicle in the table" library="VignetteApp">
<kw name="Find and click an element" library="CommonMethods">
<arguments>
<arg>${CUSTOMER_FIRST_VEHICLE_CHECKBOX}</arg>
</arguments>
<kw name="Wait Until Page Contains Element" library="SeleniumLibrary">
<doc>Waits until element ``locator`` appears on current page.</doc>
<arguments>
<arg>${element_to_be_found_and_clicked}</arg>
</arguments>
<status status="PASS" starttime="20181204 16:03:26.734" endtime="20181204 16:03:26.737"></status>
</kw>
<kw name="Click Element" library="SeleniumLibrary">
<doc>Click element identified by ``locator``.</doc>
<arguments>
<arg>${element_to_be_found_and_clicked}</arg>
</arguments>
<msg timestamp="20181204 16:03:26.738" level="INFO">Clicking element 'css=div.container div.row.cart-profile div.col-lg-8.cust-col div.g-brd-around.g-brd-gray-light-v4.g-pa-25.g-mb-30 div.table-responsive.g-my-20.g-font-size-12:nth-child(2) table.table:nth-child(3) tbody:nth-child(2) tr:nth-child(1) td.g-valign-middle:nth-child(1) label.u-check.g-pl-10:nth-child(2) &gt; div.u-check-icon-checkbox-v4.g-absolute-centered--y.g-left-0'.</msg>
<status status="PASS" starttime="20181204 16:03:26.737" endtime="20181204 16:03:26.985"></status>
</kw>
<status status="PASS" starttime="20181204 16:03:26.733" endtime="20181204 16:03:26.985"></status>
</kw>
<status status="PASS" starttime="20181204 16:03:26.733" endtime="20181204 16:03:26.986"></status>
</kw>
<kw name="Click &quot;Remove Selected&quot; button" library="VignetteApp">
<kw name="Find and click an element" library="CommonMethods">
<arguments>
<arg>${CUSTOMER_REMOVE_SELECTED_VEHICLES}</arg>
</arguments>
<kw name="Wait Until Page Contains Element" library="SeleniumLibrary">
<doc>Waits until element ``locator`` appears on current page.</doc>
<arguments>
<arg>${element_to_be_found_and_clicked}</arg>
</arguments>
<status status="PASS" starttime="20181204 16:03:26.986" endtime="20181204 16:03:26.994"></status>
</kw>
<kw name="Click Element" library="SeleniumLibrary">
<doc>Click element identified by ``locator``.</doc>
<arguments>
<arg>${element_to_be_found_and_clicked}</arg>
</arguments>
<msg timestamp="20181204 16:03:26.994" level="INFO">Clicking element 'xpath=//button[contains(text(),'Изтриване на избраните')]'.</msg>
<status status="PASS" starttime="20181204 16:03:26.994" endtime="20181204 16:03:27.243"></status>
</kw>
<status status="PASS" starttime="20181204 16:03:26.986" endtime="20181204 16:03:27.243"></status>
</kw>
<status status="PASS" starttime="20181204 16:03:26.986" endtime="20181204 16:03:27.243"></status>
</kw>
<kw name="Confirm the action from the popup message" library="VignetteApp">
<kw name="Find and click an element" library="CommonMethods">
<arguments>
<arg>${CUSTOMER_CONFIRM_VEHICLE_REMOVAL}</arg>
</arguments>
<kw name="Wait Until Page Contains Element" library="SeleniumLibrary">
<doc>Waits until element ``locator`` appears on current page.</doc>
<arguments>
<arg>${element_to_be_found_and_clicked}</arg>
</arguments>
<status status="PASS" starttime="20181204 16:03:27.244" endtime="20181204 16:03:27.247"></status>
</kw>
<kw name="Click Element" library="SeleniumLibrary">
<doc>Click element identified by ``locator``.</doc>
<arguments>
<arg>${element_to_be_found_and_clicked}</arg>
</arguments>
<msg timestamp="20181204 16:03:27.247" level="INFO">Clicking element 'xpath=//button[contains(text(),'Потвърждение')]'.</msg>
<status status="PASS" starttime="20181204 16:03:27.247" endtime="20181204 16:03:27.479"></status>
</kw>
<status status="PASS" starttime="20181204 16:03:27.244" endtime="20181204 16:03:27.479"></status>
</kw>
<status status="PASS" starttime="20181204 16:03:27.243" endtime="20181204 16:03:27.479"></status>
</kw>
<kw name="Verify that the vehicle has been removed" library="VignetteApp">
<kw name="Locate a notification message and verify its content" library="CommonMethods">
<arguments>
<arg>${CUSTOMER_NOTIFICATION_SELECTOR}</arg>
<arg>${CUSTOMER_VEHICLE_REMOVED_NOTIFICATION_CONTENT}</arg>
</arguments>
<kw name="Verify that an element is present on the page" library="CommonMethods">
<arguments>
<arg>${notification_selector}</arg>
</arguments>
<kw name="${element_to_be_verified} IN [ @{list_of_elements_to_be_verified} ]" type="for">
<kw name="${element_to_be_verified} = xpath=//span[@class='media-body align-self-center white-space-pre-line']" type="foritem">
<kw name="Wait Until Page Contains Element" library="SeleniumLibrary">
<doc>Waits until element ``locator`` appears on current page.</doc>
<arguments>
<arg>${element_to_be_verified}</arg>
</arguments>
<status status="PASS" starttime="20181204 16:03:27.480" endtime="20181204 16:03:27.483"></status>
</kw>
<status status="PASS" starttime="20181204 16:03:27.480" endtime="20181204 16:03:27.483"></status>
</kw>
<status status="PASS" starttime="20181204 16:03:27.480" endtime="20181204 16:03:27.483"></status>
</kw>
<status status="PASS" starttime="20181204 16:03:27.480" endtime="20181204 16:03:27.483"></status>
</kw>
<kw name="Get Text" library="SeleniumLibrary">
<doc>Returns the text value of element identified by ``locator``.</doc>
<arguments>
<arg>${notification_selector}</arg>
</arguments>
<assign>
<var>${notification_content}</var>
</assign>
<msg timestamp="20181204 16:03:27.492" level="INFO">${notification_content} = 1 превозни средства бяха изтрити.</msg>
<status status="PASS" starttime="20181204 16:03:27.483" endtime="20181204 16:03:27.492"></status>
</kw>
<kw name="Should Be Equal As Strings" library="BuiltIn">
<doc>Fails if objects are unequal after converting them to strings.</doc>
<arguments>
<arg>${notification_content}</arg>
<arg>${notification_content_to_be_verified}</arg>
</arguments>
<status status="PASS" starttime="20181204 16:03:27.492" endtime="20181204 16:03:27.492"></status>
</kw>
<status status="PASS" starttime="20181204 16:03:27.480" endtime="20181204 16:03:27.492"></status>
</kw>
<status status="PASS" starttime="20181204 16:03:27.479" endtime="20181204 16:03:27.492"></status>
</kw>
<status status="PASS" starttime="20181204 16:03:26.733" endtime="20181204 16:03:27.492"></status>
</kw>
<kw name="End test" library="CommonMethods" type="teardown">
<kw name="Close All Browsers" library="SeleniumLibrary">
<doc>Closes all open browsers and resets the browser cache.</doc>
<status status="PASS" starttime="20181204 16:03:27.493" endtime="20181204 16:03:28.070"></status>
</kw>
<status status="PASS" starttime="20181204 16:03:27.493" endtime="20181204 16:03:28.070"></status>
</kw>
<doc>A customer that has logged to their profile can add and remove "Trailer / Caravan" vehicles to and from the list</doc>
<tags>
<tag>current</tag>
</tags>
<status status="PASS" starttime="20181204 16:03:15.346" endtime="20181204 16:03:28.070" critical="yes"></status>
</test>
<doc>The suite contains the tests, that are supposed to verify the registered customer options</doc>
<status status="PASS" starttime="20181204 16:03:15.202" endtime="20181204 16:03:28.072"></status>
</suite>
<status status="PASS" starttime="20181204 16:03:15.184" endtime="20181204 16:03:28.073"></status>
</suite>
<statistics>
<total>
<stat pass="1" fail="0">Critical Tests</stat>
<stat pass="1" fail="0">All Tests</stat>
</total>
<tag>
<stat pass="1" fail="0">current</stat>
</tag>
<suite>
<stat pass="1" fail="0" id="s1" name="Tests">Tests</stat>
<stat pass="1" fail="0" id="s1-s1" name="Registered Customer Options">Tests.Registered Customer Options</stat>
</suite>
</statistics>
<errors>
</errors>
</robot>
