<?xml version="1.0" encoding="UTF-8"?>
<robot generator="Robot 3.0.4 (Python 3.7.0 on win32)" generated="20181127 16:27:13.745">
<suite id="s1" name="Tests" source="D:\projects\eVignette\automated_tests\tests">
<suite id="s1-s1" name="General Tests" source="D:\projects\eVignette\automated_tests\tests\General_Tests.robot">
<test id="s1-s1-t1" name="The landing page loads fully">
<kw name="Begin test" library="CommonMethods" type="setup">
<kw name="Open Browser" library="SeleniumLibrary">
<doc>Opens a new browser instance to the given ``url``.</doc>
<arguments>
<arg>about:blank</arg>
<arg>${BROWSER}</arg>
</arguments>
<msg timestamp="20181127 16:27:13.899" level="INFO">Opening browser 'gc' to base url 'about:blank'.</msg>
<status status="PASS" starttime="20181127 16:27:13.899" endtime="20181127 16:27:16.006"></status>
</kw>
<kw name="Maximize Browser Window" library="SeleniumLibrary">
<doc>Maximizes current browser window.</doc>
<status status="PASS" starttime="20181127 16:27:16.006" endtime="20181127 16:27:17.119"></status>
</kw>
<status status="PASS" starttime="20181127 16:27:13.899" endtime="20181127 16:27:17.119"></status>
</kw>
<kw name="Navigate to the home page" library="VignetteApp">
<kw name="Navigate to" library="LandingPage">
<kw name="Go To" library="SeleniumLibrary">
<doc>Navigates the active browser instance to the provided ``url``.</doc>
<arguments>
<arg>${INITIAL_URL}</arg>
</arguments>
<msg timestamp="20181127 16:27:17.121" level="INFO">Opening url 'http://vinetki.melontech.com/'</msg>
<status status="PASS" starttime="20181127 16:27:17.120" endtime="20181127 16:27:17.494"></status>
</kw>
<status status="PASS" starttime="20181127 16:27:17.120" endtime="20181127 16:27:17.494"></status>
</kw>
<status status="PASS" starttime="20181127 16:27:17.120" endtime="20181127 16:27:17.494"></status>
</kw>
<kw name="Verify that the &quot;Vehicle Category&quot; options are present" library="VignetteApp">
<kw name="Verify that an element is present on the page" library="CommonMethods">
<arguments>
<arg>${LANDING_CAR_OPTION}</arg>
<arg>${LANDING_TRAILER_OPTION}</arg>
<arg>${LANDING_HGV_OPTION}</arg>
</arguments>
<kw name="${element_to_be_verified} IN [ @{list_of_elements_to_be_verified} ]" type="for">
<kw name="${element_to_be_verified} = xpath=//div[@class='row no-gutters g-mx-minus-10 step-1']//div[2]//div[1]//a[1]" type="foritem">
<kw name="Wait Until Page Contains Element" library="SeleniumLibrary">
<doc>Waits until element ``locator`` appears on current page.</doc>
<arguments>
<arg>${element_to_be_verified}</arg>
</arguments>
<kw name="Capture Page Screenshot" library="SeleniumLibrary">
<doc>Takes screenshot of the current page and embeds it into log file.</doc>
<msg timestamp="20181127 16:27:23.016" level="INFO" html="yes">&lt;/td&gt;&lt;/tr&gt;&lt;tr&gt;&lt;td colspan="3"&gt;&lt;a href="selenium-screenshot-4.png"&gt;&lt;img src="selenium-screenshot-4.png" width="800px"&gt;&lt;/a&gt;</msg>
<status status="PASS" starttime="20181127 16:27:22.687" endtime="20181127 16:27:23.016"></status>
</kw>
<msg timestamp="20181127 16:27:23.017" level="FAIL">Element 'xpath=//div[@class='row no-gutters g-mx-minus-10 step-1']//div[2]//div[1]//a[1]' did not appear in 5 seconds.</msg>
<status status="FAIL" starttime="20181127 16:27:17.496" endtime="20181127 16:27:23.018"></status>
</kw>
<status status="FAIL" starttime="20181127 16:27:17.496" endtime="20181127 16:27:23.018"></status>
</kw>
<status status="FAIL" starttime="20181127 16:27:17.495" endtime="20181127 16:27:23.018"></status>
</kw>
<status status="FAIL" starttime="20181127 16:27:17.495" endtime="20181127 16:27:23.018"></status>
</kw>
<status status="FAIL" starttime="20181127 16:27:17.495" endtime="20181127 16:27:23.018"></status>
</kw>
<kw name="End test" library="CommonMethods" type="teardown">
<kw name="Close All Browsers" library="SeleniumLibrary">
<doc>Closes all open browsers and resets the browser cache.</doc>
<status status="PASS" starttime="20181127 16:27:23.019" endtime="20181127 16:27:25.175"></status>
</kw>
<status status="PASS" starttime="20181127 16:27:23.019" endtime="20181127 16:27:25.175"></status>
</kw>
<doc>The landing page opens fully, and all its elements are loaded</doc>
<tags>
<tag>skip</tag>
</tags>
<status status="FAIL" starttime="20181127 16:27:13.898" endtime="20181127 16:27:25.175" critical="yes">Element 'xpath=//div[@class='row no-gutters g-mx-minus-10 step-1']//div[2]//div[1]//a[1]' did not appear in 5 seconds.</status>
</test>
<test id="s1-s1-t2" name="Customer - Login existing user">
<kw name="Begin test" library="CommonMethods" type="setup">
<kw name="Open Browser" library="SeleniumLibrary">
<doc>Opens a new browser instance to the given ``url``.</doc>
<arguments>
<arg>about:blank</arg>
<arg>${BROWSER}</arg>
</arguments>
<msg timestamp="20181127 16:27:25.179" level="INFO">Opening browser 'gc' to base url 'about:blank'.</msg>
<status status="PASS" starttime="20181127 16:27:25.179" endtime="20181127 16:27:27.764"></status>
</kw>
<kw name="Maximize Browser Window" library="SeleniumLibrary">
<doc>Maximizes current browser window.</doc>
<status status="PASS" starttime="20181127 16:27:27.764" endtime="20181127 16:27:28.881"></status>
</kw>
<status status="PASS" starttime="20181127 16:27:25.179" endtime="20181127 16:27:28.881"></status>
</kw>
<kw name="Navigate to the home page" library="VignetteApp">
<kw name="Navigate to" library="LandingPage">
<kw name="Go To" library="SeleniumLibrary">
<doc>Navigates the active browser instance to the provided ``url``.</doc>
<arguments>
<arg>${INITIAL_URL}</arg>
</arguments>
<msg timestamp="20181127 16:27:28.882" level="INFO">Opening url 'http://vinetki.melontech.com/'</msg>
<status status="PASS" starttime="20181127 16:27:28.882" endtime="20181127 16:27:29.074"></status>
</kw>
<status status="PASS" starttime="20181127 16:27:28.882" endtime="20181127 16:27:29.074"></status>
</kw>
<status status="PASS" starttime="20181127 16:27:28.881" endtime="20181127 16:27:29.074"></status>
</kw>
<kw name="Navigate to the &quot;Log in&quot; page" library="VignetteApp">
<kw name="Click the &quot;Log in&quot; button" library="LandingPage">
<kw name="Click Link" library="SeleniumLibrary">
<doc>Clicks a link identified by ``locator``.</doc>
<arguments>
<arg>${LANDING_LOGIN_BUTTON}</arg>
</arguments>
<msg timestamp="20181127 16:27:29.076" level="INFO">Clicking link 'xpath=//a[contains(text(),'Вход')]'.</msg>
<kw name="Capture Page Screenshot" library="SeleniumLibrary">
<doc>Takes screenshot of the current page and embeds it into log file.</doc>
<msg timestamp="20181127 16:27:29.437" level="INFO" html="yes">&lt;/td&gt;&lt;/tr&gt;&lt;tr&gt;&lt;td colspan="3"&gt;&lt;a href="selenium-screenshot-5.png"&gt;&lt;img src="selenium-screenshot-5.png" width="800px"&gt;&lt;/a&gt;</msg>
<status status="PASS" starttime="20181127 16:27:29.095" endtime="20181127 16:27:29.438"></status>
</kw>
<msg timestamp="20181127 16:27:29.464" level="FAIL">Link with locator 'xpath=//a[contains(text(),'Вход')]' not found.</msg>
<status status="FAIL" starttime="20181127 16:27:29.076" endtime="20181127 16:27:29.464"></status>
</kw>
<status status="FAIL" starttime="20181127 16:27:29.075" endtime="20181127 16:27:29.464"></status>
</kw>
<status status="FAIL" starttime="20181127 16:27:29.075" endtime="20181127 16:27:29.465"></status>
</kw>
<kw name="End test" library="CommonMethods" type="teardown">
<kw name="Close All Browsers" library="SeleniumLibrary">
<doc>Closes all open browsers and resets the browser cache.</doc>
<status status="PASS" starttime="20181127 16:27:29.465" endtime="20181127 16:27:31.600"></status>
</kw>
<status status="PASS" starttime="20181127 16:27:29.465" endtime="20181127 16:27:31.600"></status>
</kw>
<doc>Registered user can login successfully</doc>
<tags>
<tag>skip</tag>
</tags>
<status status="FAIL" starttime="20181127 16:27:25.178" endtime="20181127 16:27:31.600" critical="yes">Link with locator 'xpath=//a[contains(text(),'Вход')]' not found.</status>
</test>
<test id="s1-s1-t3" name="Customer - Attempt to login with incorrect email address">
<kw name="Begin test" library="CommonMethods" type="setup">
<kw name="Open Browser" library="SeleniumLibrary">
<doc>Opens a new browser instance to the given ``url``.</doc>
<arguments>
<arg>about:blank</arg>
<arg>${BROWSER}</arg>
</arguments>
<msg timestamp="20181127 16:27:31.606" level="INFO">Opening browser 'gc' to base url 'about:blank'.</msg>
<status status="PASS" starttime="20181127 16:27:31.606" endtime="20181127 16:27:33.648"></status>
</kw>
<kw name="Maximize Browser Window" library="SeleniumLibrary">
<doc>Maximizes current browser window.</doc>
<status status="PASS" starttime="20181127 16:27:33.649" endtime="20181127 16:27:34.760"></status>
</kw>
<status status="PASS" starttime="20181127 16:27:31.606" endtime="20181127 16:27:34.760"></status>
</kw>
<kw name="Navigate to the home page" library="VignetteApp">
<kw name="Navigate to" library="LandingPage">
<kw name="Go To" library="SeleniumLibrary">
<doc>Navigates the active browser instance to the provided ``url``.</doc>
<arguments>
<arg>${INITIAL_URL}</arg>
</arguments>
<msg timestamp="20181127 16:27:34.761" level="INFO">Opening url 'http://vinetki.melontech.com/'</msg>
<status status="PASS" starttime="20181127 16:27:34.761" endtime="20181127 16:27:35.222"></status>
</kw>
<status status="PASS" starttime="20181127 16:27:34.761" endtime="20181127 16:27:35.223"></status>
</kw>
<status status="PASS" starttime="20181127 16:27:34.761" endtime="20181127 16:27:35.223"></status>
</kw>
<kw name="Navigate to the &quot;Log in&quot; page" library="VignetteApp">
<kw name="Click the &quot;Log in&quot; button" library="LandingPage">
<kw name="Click Link" library="SeleniumLibrary">
<doc>Clicks a link identified by ``locator``.</doc>
<arguments>
<arg>${LANDING_LOGIN_BUTTON}</arg>
</arguments>
<msg timestamp="20181127 16:27:35.224" level="INFO">Clicking link 'xpath=//a[contains(text(),'Вход')]'.</msg>
<kw name="Capture Page Screenshot" library="SeleniumLibrary">
<doc>Takes screenshot of the current page and embeds it into log file.</doc>
<msg timestamp="20181127 16:27:35.582" level="INFO" html="yes">&lt;/td&gt;&lt;/tr&gt;&lt;tr&gt;&lt;td colspan="3"&gt;&lt;a href="selenium-screenshot-6.png"&gt;&lt;img src="selenium-screenshot-6.png" width="800px"&gt;&lt;/a&gt;</msg>
<status status="PASS" starttime="20181127 16:27:35.242" endtime="20181127 16:27:35.582"></status>
</kw>
<msg timestamp="20181127 16:27:35.582" level="FAIL">Link with locator 'xpath=//a[contains(text(),'Вход')]' not found.</msg>
<status status="FAIL" starttime="20181127 16:27:35.224" endtime="20181127 16:27:35.582"></status>
</kw>
<status status="FAIL" starttime="20181127 16:27:35.223" endtime="20181127 16:27:35.582"></status>
</kw>
<status status="FAIL" starttime="20181127 16:27:35.223" endtime="20181127 16:27:35.583"></status>
</kw>
<kw name="End test" library="CommonMethods" type="teardown">
<kw name="Close All Browsers" library="SeleniumLibrary">
<doc>Closes all open browsers and resets the browser cache.</doc>
<status status="PASS" starttime="20181127 16:27:35.583" endtime="20181127 16:27:37.733"></status>
</kw>
<status status="PASS" starttime="20181127 16:27:35.583" endtime="20181127 16:27:37.733"></status>
</kw>
<doc>The customer cannot login with incorrect credentials</doc>
<tags>
<tag>skip</tag>
</tags>
<status status="FAIL" starttime="20181127 16:27:31.605" endtime="20181127 16:27:37.736" critical="yes">Link with locator 'xpath=//a[contains(text(),'Вход')]' not found.</status>
</test>
<test id="s1-s1-t4" name="Customer - Attempt to login with incorrect password">
<kw name="Begin test" library="CommonMethods" type="setup">
<kw name="Open Browser" library="SeleniumLibrary">
<doc>Opens a new browser instance to the given ``url``.</doc>
<arguments>
<arg>about:blank</arg>
<arg>${BROWSER}</arg>
</arguments>
<msg timestamp="20181127 16:27:37.742" level="INFO">Opening browser 'gc' to base url 'about:blank'.</msg>
<status status="PASS" starttime="20181127 16:27:37.741" endtime="20181127 16:27:39.830"></status>
</kw>
<kw name="Maximize Browser Window" library="SeleniumLibrary">
<doc>Maximizes current browser window.</doc>
<status status="PASS" starttime="20181127 16:27:39.830" endtime="20181127 16:27:40.943"></status>
</kw>
<status status="PASS" starttime="20181127 16:27:37.741" endtime="20181127 16:27:40.943"></status>
</kw>
<kw name="Navigate to the home page" library="VignetteApp">
<kw name="Navigate to" library="LandingPage">
<kw name="Go To" library="SeleniumLibrary">
<doc>Navigates the active browser instance to the provided ``url``.</doc>
<arguments>
<arg>${INITIAL_URL}</arg>
</arguments>
<msg timestamp="20181127 16:27:40.945" level="INFO">Opening url 'http://vinetki.melontech.com/'</msg>
<status status="PASS" starttime="20181127 16:27:40.944" endtime="20181127 16:27:41.327"></status>
</kw>
<status status="PASS" starttime="20181127 16:27:40.944" endtime="20181127 16:27:41.327"></status>
</kw>
<status status="PASS" starttime="20181127 16:27:40.944" endtime="20181127 16:27:41.327"></status>
</kw>
<kw name="Navigate to the &quot;Log in&quot; page" library="VignetteApp">
<kw name="Click the &quot;Log in&quot; button" library="LandingPage">
<kw name="Click Link" library="SeleniumLibrary">
<doc>Clicks a link identified by ``locator``.</doc>
<arguments>
<arg>${LANDING_LOGIN_BUTTON}</arg>
</arguments>
<msg timestamp="20181127 16:27:41.328" level="INFO">Clicking link 'xpath=//a[contains(text(),'Вход')]'.</msg>
<kw name="Capture Page Screenshot" library="SeleniumLibrary">
<doc>Takes screenshot of the current page and embeds it into log file.</doc>
<msg timestamp="20181127 16:27:41.695" level="INFO" html="yes">&lt;/td&gt;&lt;/tr&gt;&lt;tr&gt;&lt;td colspan="3"&gt;&lt;a href="selenium-screenshot-7.png"&gt;&lt;img src="selenium-screenshot-7.png" width="800px"&gt;&lt;/a&gt;</msg>
<status status="PASS" starttime="20181127 16:27:41.349" endtime="20181127 16:27:41.696"></status>
</kw>
<msg timestamp="20181127 16:27:41.696" level="FAIL">Link with locator 'xpath=//a[contains(text(),'Вход')]' not found.</msg>
<status status="FAIL" starttime="20181127 16:27:41.328" endtime="20181127 16:27:41.696"></status>
</kw>
<status status="FAIL" starttime="20181127 16:27:41.328" endtime="20181127 16:27:41.697"></status>
</kw>
<status status="FAIL" starttime="20181127 16:27:41.328" endtime="20181127 16:27:41.697"></status>
</kw>
<kw name="End test" library="CommonMethods" type="teardown">
<kw name="Close All Browsers" library="SeleniumLibrary">
<doc>Closes all open browsers and resets the browser cache.</doc>
<status status="PASS" starttime="20181127 16:27:41.697" endtime="20181127 16:27:43.829"></status>
</kw>
<status status="PASS" starttime="20181127 16:27:41.697" endtime="20181127 16:27:43.829"></status>
</kw>
<doc>The customer cannot login with incorrect credentials</doc>
<tags>
<tag>skip</tag>
</tags>
<status status="FAIL" starttime="20181127 16:27:37.738" endtime="20181127 16:27:43.830" critical="yes">Link with locator 'xpath=//a[contains(text(),'Вход')]' not found.</status>
</test>
<doc>The suite contains the general tests</doc>
<status status="FAIL" starttime="20181127 16:27:13.765" endtime="20181127 16:27:43.832"></status>
</suite>
<suite id="s1-s2" name="Vignette Purchase Process" source="D:\projects\eVignette\automated_tests\tests\Vignette_Purchase_Process.robot">
<test id="s1-s2-t1" name="The customer is able to buy &quot;Light vehicle and light truck&quot; vignette without register">
<kw name="Begin test" library="CommonMethods" type="setup">
<kw name="Open Browser" library="SeleniumLibrary">
<doc>Opens a new browser instance to the given ``url``.</doc>
<arguments>
<arg>about:blank</arg>
<arg>${BROWSER}</arg>
</arguments>
<msg timestamp="20181127 16:27:43.846" level="INFO">Opening browser 'gc' to base url 'about:blank'.</msg>
<status status="PASS" starttime="20181127 16:27:43.846" endtime="20181127 16:27:46.416"></status>
</kw>
<kw name="Maximize Browser Window" library="SeleniumLibrary">
<doc>Maximizes current browser window.</doc>
<status status="PASS" starttime="20181127 16:27:46.416" endtime="20181127 16:27:47.529"></status>
</kw>
<status status="PASS" starttime="20181127 16:27:43.846" endtime="20181127 16:27:47.530"></status>
</kw>
<kw name="Navigate to the home page" library="VignetteApp">
<kw name="Navigate to" library="LandingPage">
<kw name="Go To" library="SeleniumLibrary">
<doc>Navigates the active browser instance to the provided ``url``.</doc>
<arguments>
<arg>${INITIAL_URL}</arg>
</arguments>
<msg timestamp="20181127 16:27:47.531" level="INFO">Opening url 'http://vinetki.melontech.com/'</msg>
<status status="PASS" starttime="20181127 16:27:47.530" endtime="20181127 16:27:47.879"></status>
</kw>
<status status="PASS" starttime="20181127 16:27:47.530" endtime="20181127 16:27:47.879"></status>
</kw>
<status status="PASS" starttime="20181127 16:27:47.530" endtime="20181127 16:27:47.879"></status>
</kw>
<kw name="Verify that the &quot;Vehicle Category&quot; options are present" library="VignetteApp">
<kw name="Verify that an element is present on the page" library="CommonMethods">
<arguments>
<arg>${LANDING_CAR_OPTION}</arg>
<arg>${LANDING_TRAILER_OPTION}</arg>
<arg>${LANDING_HGV_OPTION}</arg>
</arguments>
<kw name="${element_to_be_verified} IN [ @{list_of_elements_to_be_verified} ]" type="for">
<kw name="${element_to_be_verified} = xpath=//div[@class='row no-gutters g-mx-minus-10 step-1']//div[2]//div[1]//a[1]" type="foritem">
<kw name="Wait Until Page Contains Element" library="SeleniumLibrary">
<doc>Waits until element ``locator`` appears on current page.</doc>
<arguments>
<arg>${element_to_be_verified}</arg>
</arguments>
<kw name="Capture Page Screenshot" library="SeleniumLibrary">
<doc>Takes screenshot of the current page and embeds it into log file.</doc>
<msg timestamp="20181127 16:27:53.380" level="INFO" html="yes">&lt;/td&gt;&lt;/tr&gt;&lt;tr&gt;&lt;td colspan="3"&gt;&lt;a href="selenium-screenshot-8.png"&gt;&lt;img src="selenium-screenshot-8.png" width="800px"&gt;&lt;/a&gt;</msg>
<status status="PASS" starttime="20181127 16:27:53.075" endtime="20181127 16:27:53.380"></status>
</kw>
<msg timestamp="20181127 16:27:53.381" level="FAIL">Element 'xpath=//div[@class='row no-gutters g-mx-minus-10 step-1']//div[2]//div[1]//a[1]' did not appear in 5 seconds.</msg>
<status status="FAIL" starttime="20181127 16:27:47.881" endtime="20181127 16:27:53.381"></status>
</kw>
<status status="FAIL" starttime="20181127 16:27:47.881" endtime="20181127 16:27:53.381"></status>
</kw>
<status status="FAIL" starttime="20181127 16:27:47.881" endtime="20181127 16:27:53.381"></status>
</kw>
<status status="FAIL" starttime="20181127 16:27:47.880" endtime="20181127 16:27:53.381"></status>
</kw>
<status status="FAIL" starttime="20181127 16:27:47.880" endtime="20181127 16:27:53.381"></status>
</kw>
<kw name="End test" library="CommonMethods" type="teardown">
<kw name="Close All Browsers" library="SeleniumLibrary">
<doc>Closes all open browsers and resets the browser cache.</doc>
<status status="PASS" starttime="20181127 16:27:53.382" endtime="20181127 16:27:55.531"></status>
</kw>
<status status="PASS" starttime="20181127 16:27:53.382" endtime="20181127 16:27:55.531"></status>
</kw>
<doc>An unregistered user is able to configure "Light vehicle and light truck" vignette and add it to the cart</doc>
<tags>
<tag>skip</tag>
</tags>
<status status="FAIL" starttime="20181127 16:27:43.845" endtime="20181127 16:27:55.531" critical="yes">Element 'xpath=//div[@class='row no-gutters g-mx-minus-10 step-1']//div[2]//div[1]//a[1]' did not appear in 5 seconds.</status>
</test>
<test id="s1-s2-t2" name="The customer is able to buy &quot;HGV or bus&quot; vignette without register">
<kw name="Begin test" library="CommonMethods" type="setup">
<kw name="Open Browser" library="SeleniumLibrary">
<doc>Opens a new browser instance to the given ``url``.</doc>
<arguments>
<arg>about:blank</arg>
<arg>${BROWSER}</arg>
</arguments>
<msg timestamp="20181127 16:27:55.535" level="INFO">Opening browser 'gc' to base url 'about:blank'.</msg>
<status status="PASS" starttime="20181127 16:27:55.534" endtime="20181127 16:27:57.640"></status>
</kw>
<kw name="Maximize Browser Window" library="SeleniumLibrary">
<doc>Maximizes current browser window.</doc>
<status status="PASS" starttime="20181127 16:27:57.640" endtime="20181127 16:27:58.754"></status>
</kw>
<status status="PASS" starttime="20181127 16:27:55.534" endtime="20181127 16:27:58.754"></status>
</kw>
<kw name="Navigate to the home page" library="VignetteApp">
<kw name="Navigate to" library="LandingPage">
<kw name="Go To" library="SeleniumLibrary">
<doc>Navigates the active browser instance to the provided ``url``.</doc>
<arguments>
<arg>${INITIAL_URL}</arg>
</arguments>
<msg timestamp="20181127 16:27:58.755" level="INFO">Opening url 'http://vinetki.melontech.com/'</msg>
<status status="PASS" starttime="20181127 16:27:58.755" endtime="20181127 16:27:59.274"></status>
</kw>
<status status="PASS" starttime="20181127 16:27:58.755" endtime="20181127 16:27:59.274"></status>
</kw>
<status status="PASS" starttime="20181127 16:27:58.754" endtime="20181127 16:27:59.274"></status>
</kw>
<kw name="Verify that the &quot;Vehicle Category&quot; options are present" library="VignetteApp">
<kw name="Verify that an element is present on the page" library="CommonMethods">
<arguments>
<arg>${LANDING_CAR_OPTION}</arg>
<arg>${LANDING_TRAILER_OPTION}</arg>
<arg>${LANDING_HGV_OPTION}</arg>
</arguments>
<kw name="${element_to_be_verified} IN [ @{list_of_elements_to_be_verified} ]" type="for">
<kw name="${element_to_be_verified} = xpath=//div[@class='row no-gutters g-mx-minus-10 step-1']//div[2]//div[1]//a[1]" type="foritem">
<kw name="Wait Until Page Contains Element" library="SeleniumLibrary">
<doc>Waits until element ``locator`` appears on current page.</doc>
<arguments>
<arg>${element_to_be_verified}</arg>
</arguments>
<kw name="Capture Page Screenshot" library="SeleniumLibrary">
<doc>Takes screenshot of the current page and embeds it into log file.</doc>
<msg timestamp="20181127 16:28:04.776" level="INFO" html="yes">&lt;/td&gt;&lt;/tr&gt;&lt;tr&gt;&lt;td colspan="3"&gt;&lt;a href="selenium-screenshot-9.png"&gt;&lt;img src="selenium-screenshot-9.png" width="800px"&gt;&lt;/a&gt;</msg>
<status status="PASS" starttime="20181127 16:28:04.470" endtime="20181127 16:28:04.776"></status>
</kw>
<msg timestamp="20181127 16:28:04.776" level="FAIL">Element 'xpath=//div[@class='row no-gutters g-mx-minus-10 step-1']//div[2]//div[1]//a[1]' did not appear in 5 seconds.</msg>
<status status="FAIL" starttime="20181127 16:27:59.275" endtime="20181127 16:28:04.776"></status>
</kw>
<status status="FAIL" starttime="20181127 16:27:59.275" endtime="20181127 16:28:04.777"></status>
</kw>
<status status="FAIL" starttime="20181127 16:27:59.275" endtime="20181127 16:28:04.777"></status>
</kw>
<status status="FAIL" starttime="20181127 16:27:59.275" endtime="20181127 16:28:04.777"></status>
</kw>
<status status="FAIL" starttime="20181127 16:27:59.274" endtime="20181127 16:28:04.777"></status>
</kw>
<kw name="End test" library="CommonMethods" type="teardown">
<kw name="Close All Browsers" library="SeleniumLibrary">
<doc>Closes all open browsers and resets the browser cache.</doc>
<status status="PASS" starttime="20181127 16:28:04.778" endtime="20181127 16:28:06.923"></status>
</kw>
<status status="PASS" starttime="20181127 16:28:04.777" endtime="20181127 16:28:06.923"></status>
</kw>
<doc>An unregistered user is able to configure "HGV or bus" vignette and add it to the cart</doc>
<tags>
<tag>skip</tag>
</tags>
<status status="FAIL" starttime="20181127 16:27:55.533" endtime="20181127 16:28:06.923" critical="yes">Element 'xpath=//div[@class='row no-gutters g-mx-minus-10 step-1']//div[2]//div[1]//a[1]' did not appear in 5 seconds.</status>
</test>
<test id="s1-s2-t3" name="The customer is able to buy &quot;Trailer or caravan&quot; vignette without register">
<kw name="Begin test" library="CommonMethods" type="setup">
<kw name="Open Browser" library="SeleniumLibrary">
<doc>Opens a new browser instance to the given ``url``.</doc>
<arguments>
<arg>about:blank</arg>
<arg>${BROWSER}</arg>
</arguments>
<msg timestamp="20181127 16:28:06.927" level="INFO">Opening browser 'gc' to base url 'about:blank'.</msg>
<status status="PASS" starttime="20181127 16:28:06.927" endtime="20181127 16:28:09.005"></status>
</kw>
<kw name="Maximize Browser Window" library="SeleniumLibrary">
<doc>Maximizes current browser window.</doc>
<status status="PASS" starttime="20181127 16:28:09.005" endtime="20181127 16:28:10.119"></status>
</kw>
<status status="PASS" starttime="20181127 16:28:06.926" endtime="20181127 16:28:10.119"></status>
</kw>
<kw name="Navigate to the home page" library="VignetteApp">
<kw name="Navigate to" library="LandingPage">
<kw name="Go To" library="SeleniumLibrary">
<doc>Navigates the active browser instance to the provided ``url``.</doc>
<arguments>
<arg>${INITIAL_URL}</arg>
</arguments>
<msg timestamp="20181127 16:28:10.121" level="INFO">Opening url 'http://vinetki.melontech.com/'</msg>
<status status="PASS" starttime="20181127 16:28:10.121" endtime="20181127 16:28:10.367"></status>
</kw>
<status status="PASS" starttime="20181127 16:28:10.120" endtime="20181127 16:28:10.367"></status>
</kw>
<status status="PASS" starttime="20181127 16:28:10.120" endtime="20181127 16:28:10.367"></status>
</kw>
<kw name="Verify that the &quot;Vehicle Category&quot; options are present" library="VignetteApp">
<kw name="Verify that an element is present on the page" library="CommonMethods">
<arguments>
<arg>${LANDING_CAR_OPTION}</arg>
<arg>${LANDING_TRAILER_OPTION}</arg>
<arg>${LANDING_HGV_OPTION}</arg>
</arguments>
<kw name="${element_to_be_verified} IN [ @{list_of_elements_to_be_verified} ]" type="for">
<kw name="${element_to_be_verified} = xpath=//div[@class='row no-gutters g-mx-minus-10 step-1']//div[2]//div[1]//a[1]" type="foritem">
<kw name="Wait Until Page Contains Element" library="SeleniumLibrary">
<doc>Waits until element ``locator`` appears on current page.</doc>
<arguments>
<arg>${element_to_be_verified}</arg>
</arguments>
<kw name="Capture Page Screenshot" library="SeleniumLibrary">
<doc>Takes screenshot of the current page and embeds it into log file.</doc>
<msg timestamp="20181127 16:28:15.880" level="INFO" html="yes">&lt;/td&gt;&lt;/tr&gt;&lt;tr&gt;&lt;td colspan="3"&gt;&lt;a href="selenium-screenshot-10.png"&gt;&lt;img src="selenium-screenshot-10.png" width="800px"&gt;&lt;/a&gt;</msg>
<status status="PASS" starttime="20181127 16:28:15.565" endtime="20181127 16:28:15.880"></status>
</kw>
<msg timestamp="20181127 16:28:15.880" level="FAIL">Element 'xpath=//div[@class='row no-gutters g-mx-minus-10 step-1']//div[2]//div[1]//a[1]' did not appear in 5 seconds.</msg>
<status status="FAIL" starttime="20181127 16:28:10.370" endtime="20181127 16:28:15.880"></status>
</kw>
<status status="FAIL" starttime="20181127 16:28:10.369" endtime="20181127 16:28:15.880"></status>
</kw>
<status status="FAIL" starttime="20181127 16:28:10.369" endtime="20181127 16:28:15.880"></status>
</kw>
<status status="FAIL" starttime="20181127 16:28:10.369" endtime="20181127 16:28:15.880"></status>
</kw>
<status status="FAIL" starttime="20181127 16:28:10.368" endtime="20181127 16:28:15.881"></status>
</kw>
<kw name="End test" library="CommonMethods" type="teardown">
<kw name="Close All Browsers" library="SeleniumLibrary">
<doc>Closes all open browsers and resets the browser cache.</doc>
<status status="PASS" starttime="20181127 16:28:15.881" endtime="20181127 16:28:18.009"></status>
</kw>
<status status="PASS" starttime="20181127 16:28:15.881" endtime="20181127 16:28:18.009"></status>
</kw>
<doc>An unregistered user is able to configure "Trailer or caravan" vignette and add it to the cart</doc>
<tags>
<tag>skip</tag>
</tags>
<status status="FAIL" starttime="20181127 16:28:06.926" endtime="20181127 16:28:18.009" critical="yes">Element 'xpath=//div[@class='row no-gutters g-mx-minus-10 step-1']//div[2]//div[1]//a[1]' did not appear in 5 seconds.</status>
</test>
<test id="s1-s2-t4" name="The customer is able to add multiple vehicles during the purchase process">
<kw name="Begin test" library="CommonMethods" type="setup">
<kw name="Open Browser" library="SeleniumLibrary">
<doc>Opens a new browser instance to the given ``url``.</doc>
<arguments>
<arg>about:blank</arg>
<arg>${BROWSER}</arg>
</arguments>
<msg timestamp="20181127 16:28:18.011" level="INFO">Opening browser 'gc' to base url 'about:blank'.</msg>
<status status="PASS" starttime="20181127 16:28:18.011" endtime="20181127 16:28:20.100"></status>
</kw>
<kw name="Maximize Browser Window" library="SeleniumLibrary">
<doc>Maximizes current browser window.</doc>
<status status="PASS" starttime="20181127 16:28:20.100" endtime="20181127 16:28:21.213"></status>
</kw>
<status status="PASS" starttime="20181127 16:28:18.010" endtime="20181127 16:28:21.214"></status>
</kw>
<kw name="Navigate to the home page" library="VignetteApp">
<kw name="Navigate to" library="LandingPage">
<kw name="Go To" library="SeleniumLibrary">
<doc>Navigates the active browser instance to the provided ``url``.</doc>
<arguments>
<arg>${INITIAL_URL}</arg>
</arguments>
<msg timestamp="20181127 16:28:21.215" level="INFO">Opening url 'http://vinetki.melontech.com/'</msg>
<status status="PASS" starttime="20181127 16:28:21.214" endtime="20181127 16:28:21.484"></status>
</kw>
<status status="PASS" starttime="20181127 16:28:21.214" endtime="20181127 16:28:21.484"></status>
</kw>
<status status="PASS" starttime="20181127 16:28:21.214" endtime="20181127 16:28:21.485"></status>
</kw>
<kw name="Verify that the &quot;Vehicle Category&quot; options are present" library="VignetteApp">
<kw name="Verify that an element is present on the page" library="CommonMethods">
<arguments>
<arg>${LANDING_CAR_OPTION}</arg>
<arg>${LANDING_TRAILER_OPTION}</arg>
<arg>${LANDING_HGV_OPTION}</arg>
</arguments>
<kw name="${element_to_be_verified} IN [ @{list_of_elements_to_be_verified} ]" type="for">
<kw name="${element_to_be_verified} = xpath=//div[@class='row no-gutters g-mx-minus-10 step-1']//div[2]//div[1]//a[1]" type="foritem">
<kw name="Wait Until Page Contains Element" library="SeleniumLibrary">
<doc>Waits until element ``locator`` appears on current page.</doc>
<arguments>
<arg>${element_to_be_verified}</arg>
</arguments>
<kw name="Capture Page Screenshot" library="SeleniumLibrary">
<doc>Takes screenshot of the current page and embeds it into log file.</doc>
<msg timestamp="20181127 16:28:26.978" level="INFO" html="yes">&lt;/td&gt;&lt;/tr&gt;&lt;tr&gt;&lt;td colspan="3"&gt;&lt;a href="selenium-screenshot-11.png"&gt;&lt;img src="selenium-screenshot-11.png" width="800px"&gt;&lt;/a&gt;</msg>
<status status="PASS" starttime="20181127 16:28:26.674" endtime="20181127 16:28:26.978"></status>
</kw>
<msg timestamp="20181127 16:28:26.979" level="FAIL">Element 'xpath=//div[@class='row no-gutters g-mx-minus-10 step-1']//div[2]//div[1]//a[1]' did not appear in 5 seconds.</msg>
<status status="FAIL" starttime="20181127 16:28:21.486" endtime="20181127 16:28:26.979"></status>
</kw>
<status status="FAIL" starttime="20181127 16:28:21.486" endtime="20181127 16:28:26.979"></status>
</kw>
<status status="FAIL" starttime="20181127 16:28:21.486" endtime="20181127 16:28:26.979"></status>
</kw>
<status status="FAIL" starttime="20181127 16:28:21.486" endtime="20181127 16:28:26.979"></status>
</kw>
<status status="FAIL" starttime="20181127 16:28:21.485" endtime="20181127 16:28:26.979"></status>
</kw>
<kw name="End test" library="CommonMethods" type="teardown">
<kw name="Close All Browsers" library="SeleniumLibrary">
<doc>Closes all open browsers and resets the browser cache.</doc>
<status status="PASS" starttime="20181127 16:28:26.980" endtime="20181127 16:28:29.113"></status>
</kw>
<status status="PASS" starttime="20181127 16:28:26.980" endtime="20181127 16:28:29.113"></status>
</kw>
<doc>An unregistered user is able to add multiple vignettes to the cart</doc>
<tags>
<tag>current</tag>
</tags>
<status status="FAIL" starttime="20181127 16:28:18.010" endtime="20181127 16:28:29.113" critical="yes">Element 'xpath=//div[@class='row no-gutters g-mx-minus-10 step-1']//div[2]//div[1]//a[1]' did not appear in 5 seconds.</status>
</test>
<doc>The suite contains the general tests</doc>
<status status="FAIL" starttime="20181127 16:27:43.835" endtime="20181127 16:28:29.115"></status>
</suite>
<status status="FAIL" starttime="20181127 16:27:13.746" endtime="20181127 16:28:29.118"></status>
</suite>
<statistics>
<total>
<stat pass="0" fail="8">Critical Tests</stat>
<stat pass="0" fail="8">All Tests</stat>
</total>
<tag>
<stat pass="0" fail="1">current</stat>
<stat pass="0" fail="7">skip</stat>
</tag>
<suite>
<stat pass="0" fail="8" id="s1" name="Tests">Tests</stat>
<stat pass="0" fail="4" id="s1-s1" name="General Tests">Tests.General Tests</stat>
<stat pass="0" fail="4" id="s1-s2" name="Vignette Purchase Process">Tests.Vignette Purchase Process</stat>
</suite>
</statistics>
<errors>
</errors>
</robot>
