<?xml version="1.0" encoding="UTF-8"?>
<robot generator="Robot 3.0.4 (Python 3.7.0 on win32)" generated="20181108 10:18:45.023">
<suite id="s1" name="General Tests" source="D:\projects\eVignette\automated_tests\tests\General_Tests.robot">
<test id="s1-t1" name="The landing page loads fully">
<kw name="Begin test" library="CommonMethods" type="setup">
<kw name="Open Browser" library="SeleniumLibrary">
<doc>Opens a new browser instance to the given ``url``.</doc>
<arguments>
<arg>about:blank</arg>
<arg>${BROWSER}</arg>
</arguments>
<msg timestamp="20181108 10:18:45.163" level="INFO">Opening browser 'edge' to base url 'about:blank'.</msg>
<status status="PASS" starttime="20181108 10:18:45.163" endtime="20181108 10:18:46.261"></status>
</kw>
<kw name="Maximize Browser Window" library="SeleniumLibrary">
<doc>Maximizes current browser window.</doc>
<status status="PASS" starttime="20181108 10:18:46.262" endtime="20181108 10:18:46.265"></status>
</kw>
<status status="PASS" starttime="20181108 10:18:45.162" endtime="20181108 10:18:46.266"></status>
</kw>
<kw name="Navigate to the home page" library="VignetteApp">
<kw name="Navigate to" library="LandingPage">
<kw name="Go To" library="SeleniumLibrary">
<doc>Navigates the active browser instance to the provided ``url``.</doc>
<arguments>
<arg>${INITIAL_URL}</arg>
</arguments>
<msg timestamp="20181108 10:18:46.268" level="INFO">Opening url 'http://vinetki.melontech.com/'</msg>
<status status="PASS" starttime="20181108 10:18:46.267" endtime="20181108 10:18:47.393"></status>
</kw>
<status status="PASS" starttime="20181108 10:18:46.267" endtime="20181108 10:18:47.393"></status>
</kw>
<status status="PASS" starttime="20181108 10:18:46.267" endtime="20181108 10:18:47.393"></status>
</kw>
<kw name="Verify that the &quot;Vehicle Category&quot; options are present" library="VignetteApp">
<kw name="Validate the &quot;Car&quot; option" library="LandingPage">
<kw name="Wait Until Page Contains Element" library="SeleniumLibrary">
<doc>Waits until element ``locator`` appears on current page.</doc>
<arguments>
<arg>${LANDING_CAR_OPTION}</arg>
</arguments>
<status status="PASS" starttime="20181108 10:18:47.400" endtime="20181108 10:18:47.437"></status>
</kw>
<status status="PASS" starttime="20181108 10:18:47.400" endtime="20181108 10:18:47.437"></status>
</kw>
<kw name="Validate the &quot;Trailer&quot; option" library="LandingPage">
<kw name="Wait Until Page Contains Element" library="SeleniumLibrary">
<doc>Waits until element ``locator`` appears on current page.</doc>
<arguments>
<arg>${LANDING_TRAILER_OPTION}</arg>
</arguments>
<status status="PASS" starttime="20181108 10:18:47.438" endtime="20181108 10:18:47.457"></status>
</kw>
<status status="PASS" starttime="20181108 10:18:47.437" endtime="20181108 10:18:47.457"></status>
</kw>
<kw name="Validate &quot;HGV&quot; option" library="LandingPage">
<kw name="Wait Until Page Contains Element" library="SeleniumLibrary">
<doc>Waits until element ``locator`` appears on current page.</doc>
<arguments>
<arg>${LANDING_HGV_OPTION}</arg>
</arguments>
<status status="PASS" starttime="20181108 10:18:47.458" endtime="20181108 10:18:47.471"></status>
</kw>
<status status="PASS" starttime="20181108 10:18:47.458" endtime="20181108 10:18:47.471"></status>
</kw>
<status status="PASS" starttime="20181108 10:18:47.399" endtime="20181108 10:18:47.471"></status>
</kw>
<kw name="Verify that the &quot;FAQ&quot; section is present" library="VignetteApp">
<kw name="Validate the &quot;FAQ&quot; section of the page" library="LandingPage">
<kw name="Wait Until Page Contains Element" library="SeleniumLibrary">
<doc>Waits until element ``locator`` appears on current page.</doc>
<arguments>
<arg>${LANDING_FAQ_SECTION}</arg>
</arguments>
<status status="PASS" starttime="20181108 10:18:47.474" endtime="20181108 10:18:47.479"></status>
</kw>
<kw name="Get Text" library="SeleniumLibrary">
<doc>Returns the text value of element identified by ``locator``.</doc>
<arguments>
<arg>${LANDING_FAQ_SECTION}</arg>
</arguments>
<assign>
<var>${faq_text}</var>
</assign>
<msg timestamp="20181108 10:18:47.489" level="INFO">${faq_text} = Have some problems?</msg>
<status status="PASS" starttime="20181108 10:18:47.479" endtime="20181108 10:18:47.489"></status>
</kw>
<kw name="Should Be Equal As Strings" library="BuiltIn">
<doc>Fails if objects are unequal after converting them to strings.</doc>
<arguments>
<arg>${faq_text}</arg>
<arg>HAVE SOME PROBLEMS?</arg>
<arg>ignore_case=true</arg>
</arguments>
<status status="PASS" starttime="20181108 10:18:47.490" endtime="20181108 10:18:47.490"></status>
</kw>
<status status="PASS" starttime="20181108 10:18:47.473" endtime="20181108 10:18:47.490"></status>
</kw>
<status status="PASS" starttime="20181108 10:18:47.473" endtime="20181108 10:18:47.490"></status>
</kw>
<kw name="Verify that the footer is present" library="VignetteApp">
<kw name="Validate the whole footer of the page" library="LandingPage">
<kw name="Wait Until Page Contains Element" library="SeleniumLibrary">
<doc>Waits until element ``locator`` appears on current page.</doc>
<arguments>
<arg>${LANDING_WHOLE_FOOTER}</arg>
</arguments>
<status status="PASS" starttime="20181108 10:18:47.492" endtime="20181108 10:18:47.496"></status>
</kw>
<status status="PASS" starttime="20181108 10:18:47.492" endtime="20181108 10:18:47.496"></status>
</kw>
<kw name="Validate the &quot;eVignette purchase&quot; section" library="LandingPage">
<kw name="Wait Until Page Contains" library="SeleniumLibrary">
<doc>Waits until ``text`` appears on current page.</doc>
<arguments>
<arg>Покупка на еВинетка</arg>
</arguments>
<status status="PASS" starttime="20181108 10:18:47.496" endtime="20181108 10:18:47.515"></status>
</kw>
<status status="PASS" starttime="20181108 10:18:47.496" endtime="20181108 10:18:47.515"></status>
</kw>
<kw name="Validate the &quot;vinetki.bg&quot; section" library="LandingPage">
<kw name="Wait Until Page Contains" library="SeleniumLibrary">
<doc>Waits until ``text`` appears on current page.</doc>
<arguments>
<arg>vinetki.bg</arg>
</arguments>
<status status="PASS" starttime="20181108 10:18:47.516" endtime="20181108 10:18:47.522"></status>
</kw>
<status status="PASS" starttime="20181108 10:18:47.515" endtime="20181108 10:18:47.522"></status>
</kw>
<kw name="Validate the &quot;contact us&quot; section" library="LandingPage">
<kw name="Wait Until Page Contains" library="SeleniumLibrary">
<doc>Waits until ``text`` appears on current page.</doc>
<arguments>
<arg>Връзка с нас</arg>
</arguments>
<status status="PASS" starttime="20181108 10:18:47.522" endtime="20181108 10:18:47.527"></status>
</kw>
<status status="PASS" starttime="20181108 10:18:47.522" endtime="20181108 10:18:47.528"></status>
</kw>
<status status="PASS" starttime="20181108 10:18:47.492" endtime="20181108 10:18:47.528"></status>
</kw>
<kw name="End test" library="CommonMethods" type="teardown">
<kw name="Close All Browsers" library="SeleniumLibrary">
<doc>Closes all open browsers and resets the browser cache.</doc>
<status status="PASS" starttime="20181108 10:18:47.529" endtime="20181108 10:18:49.931"></status>
</kw>
<status status="PASS" starttime="20181108 10:18:47.529" endtime="20181108 10:18:49.931"></status>
</kw>
<doc>The landing page opens fully, and all its elements are loaded</doc>
<tags>
<tag>GeneralTest</tag>
</tags>
<status status="PASS" starttime="20181108 10:18:45.161" endtime="20181108 10:18:49.931" critical="yes"></status>
</test>
<test id="s1-t2" name="Customer - Login existing user">
<kw name="Begin test" library="CommonMethods" type="setup">
<kw name="Open Browser" library="SeleniumLibrary">
<doc>Opens a new browser instance to the given ``url``.</doc>
<arguments>
<arg>about:blank</arg>
<arg>${BROWSER}</arg>
</arguments>
<msg timestamp="20181108 10:18:49.934" level="INFO">Opening browser 'edge' to base url 'about:blank'.</msg>
<status status="PASS" starttime="20181108 10:18:49.934" endtime="20181108 10:18:50.828"></status>
</kw>
<kw name="Maximize Browser Window" library="SeleniumLibrary">
<doc>Maximizes current browser window.</doc>
<status status="PASS" starttime="20181108 10:18:50.829" endtime="20181108 10:18:50.833"></status>
</kw>
<status status="PASS" starttime="20181108 10:18:49.934" endtime="20181108 10:18:50.833"></status>
</kw>
<kw name="Navigate to the home page" library="VignetteApp">
<kw name="Navigate to" library="LandingPage">
<kw name="Go To" library="SeleniumLibrary">
<doc>Navigates the active browser instance to the provided ``url``.</doc>
<arguments>
<arg>${INITIAL_URL}</arg>
</arguments>
<msg timestamp="20181108 10:18:50.834" level="INFO">Opening url 'http://vinetki.melontech.com/'</msg>
<status status="PASS" starttime="20181108 10:18:50.834" endtime="20181108 10:18:51.293"></status>
</kw>
<status status="PASS" starttime="20181108 10:18:50.834" endtime="20181108 10:18:51.293"></status>
</kw>
<status status="PASS" starttime="20181108 10:18:50.833" endtime="20181108 10:18:51.293"></status>
</kw>
<kw name="Navigate to the &quot;Log in&quot; page" library="VignetteApp">
<kw name="Click the &quot;Log in&quot; button" library="LandingPage">
<kw name="Click Link" library="SeleniumLibrary">
<doc>Clicks a link identified by ``locator``.</doc>
<arguments>
<arg>${LANDING_LOGIN_BUTTON}</arg>
</arguments>
<msg timestamp="20181108 10:18:51.295" level="INFO">Clicking link 'xpath=//*[@id="navBar"]/ul/li[2]/a'.</msg>
<status status="PASS" starttime="20181108 10:18:51.294" endtime="20181108 10:18:51.393"></status>
</kw>
<status status="PASS" starttime="20181108 10:18:51.294" endtime="20181108 10:18:51.394"></status>
</kw>
<status status="PASS" starttime="20181108 10:18:51.294" endtime="20181108 10:18:51.394"></status>
</kw>
<kw name="Populate the &quot;Email Address&quot; field" library="VignetteApp">
<kw name="Focus and populate the &quot;Email Address&quot; field" library="LoginPage">
<kw name="Wait Until Page Contains Element" library="SeleniumLibrary">
<doc>Waits until element ``locator`` appears on current page.</doc>
<arguments>
<arg>${LOGIN_EMAIL_FIELD}</arg>
</arguments>
<status status="PASS" starttime="20181108 10:18:51.395" endtime="20181108 10:18:51.628"></status>
</kw>
<kw name="Input Text" library="SeleniumLibrary">
<doc>Types the given ``text`` into text field identified by ``locator``.</doc>
<arguments>
<arg>${LOGIN_EMAIL_FIELD}</arg>
<arg>${CUSTOMER_EMAIL_ADDRESS}</arg>
</arguments>
<msg timestamp="20181108 10:18:51.629" level="INFO">Typing text 'ggjeroski@melontech.com' into text field 'xpath=//*[@id="Email"]'.</msg>
<status status="PASS" starttime="20181108 10:18:51.628" endtime="20181108 10:18:51.797"></status>
</kw>
<status status="PASS" starttime="20181108 10:18:51.394" endtime="20181108 10:18:51.797"></status>
</kw>
<status status="PASS" starttime="20181108 10:18:51.394" endtime="20181108 10:18:51.797"></status>
</kw>
<kw name="Populate the &quot;Password&quot; field" library="VignetteApp">
<kw name="Focus and populate the &quot;Password&quot; field" library="LoginPage">
<kw name="Wait Until Page Contains Element" library="SeleniumLibrary">
<doc>Waits until element ``locator`` appears on current page.</doc>
<arguments>
<arg>${LOGIN_PASSWORD_FIELD}</arg>
</arguments>
<status status="PASS" starttime="20181108 10:18:51.798" endtime="20181108 10:18:51.801"></status>
</kw>
<kw name="Input Text" library="SeleniumLibrary">
<doc>Types the given ``text`` into text field identified by ``locator``.</doc>
<arguments>
<arg>${LOGIN_PASSWORD_FIELD}</arg>
<arg>${CUSTOMER_PASSWORD}</arg>
</arguments>
<msg timestamp="20181108 10:18:51.801" level="INFO">Typing text 'test1234!' into text field 'xpath=//*[@id="Password"]'.</msg>
<status status="PASS" starttime="20181108 10:18:51.801" endtime="20181108 10:18:51.853"></status>
</kw>
<status status="PASS" starttime="20181108 10:18:51.798" endtime="20181108 10:18:51.853"></status>
</kw>
<status status="PASS" starttime="20181108 10:18:51.798" endtime="20181108 10:18:51.853"></status>
</kw>
<kw name="Click the &quot;Log in&quot; button" library="VignetteApp">
<kw name="Find and click the &quot;Log in&quot; button" library="LoginPage">
<kw name="Click Button" library="SeleniumLibrary">
<doc>Clicks button identified by ``locator``.</doc>
<arguments>
<arg>Log in</arg>
</arguments>
<msg timestamp="20181108 10:18:51.854" level="INFO">Clicking button 'Log in'.</msg>
<status status="PASS" starttime="20181108 10:18:51.854" endtime="20181108 10:18:51.914"></status>
</kw>
<status status="PASS" starttime="20181108 10:18:51.854" endtime="20181108 10:18:51.915"></status>
</kw>
<status status="PASS" starttime="20181108 10:18:51.854" endtime="20181108 10:18:51.915"></status>
</kw>
<kw name="Verify that the user is redirected to their profile" library="VignetteApp">
<kw name="Validate the customer profile" library="CustomerProfile">
<kw name="Wait Until Page Contains Element" library="SeleniumLibrary">
<doc>Waits until element ``locator`` appears on current page.</doc>
<arguments>
<arg>${CUSTOMER_PROFILE}</arg>
</arguments>
<status status="PASS" starttime="20181108 10:18:51.916" endtime="20181108 10:18:52.132"></status>
</kw>
<kw name="Wait Until Page Contains Element" library="SeleniumLibrary">
<doc>Waits until element ``locator`` appears on current page.</doc>
<arguments>
<arg>${SHOPPING_CART}</arg>
</arguments>
<status status="PASS" starttime="20181108 10:18:52.133" endtime="20181108 10:18:52.151"></status>
</kw>
<status status="PASS" starttime="20181108 10:18:51.916" endtime="20181108 10:18:52.151"></status>
</kw>
<status status="PASS" starttime="20181108 10:18:51.915" endtime="20181108 10:18:52.151"></status>
</kw>
<kw name="End test" library="CommonMethods" type="teardown">
<kw name="Close All Browsers" library="SeleniumLibrary">
<doc>Closes all open browsers and resets the browser cache.</doc>
<status status="PASS" starttime="20181108 10:18:52.151" endtime="20181108 10:18:54.555"></status>
</kw>
<status status="PASS" starttime="20181108 10:18:52.151" endtime="20181108 10:18:54.555"></status>
</kw>
<doc>Registered user can login successfully</doc>
<tags>
<tag>GeneralTest</tag>
</tags>
<status status="PASS" starttime="20181108 10:18:49.933" endtime="20181108 10:18:54.556" critical="yes"></status>
</test>
<doc>The suite contains the general tests</doc>
<status status="PASS" starttime="20181108 10:18:45.025" endtime="20181108 10:18:54.557"></status>
</suite>
<statistics>
<total>
<stat pass="2" fail="0">Critical Tests</stat>
<stat pass="2" fail="0">All Tests</stat>
</total>
<tag>
<stat pass="2" fail="0">GeneralTest</stat>
</tag>
<suite>
<stat pass="2" fail="0" id="s1" name="General Tests">General Tests</stat>
</suite>
</statistics>
<errors>
</errors>
</robot>
